<?xml version="1.0" encoding="UTF-8"?>
<!-- Generated by org.testng.reporters.JUnitReportReporter -->
<testsuite hostname="JayasankerMuringothKrishnan" failures="0" tests="4" name="testNgbasic.Assersion" time="8.163" errors="0" timestamp="04 May 2022 11:15:08 GMT" skipped="1">
  <testcase classname="testNgbasic.Assersion" name="verifyTheCurrentURLOfThePage" time="0.056"/>
  <testcase classname="testNgbasic.Assersion" name="verifyThePageTitle" time="0.185"/>
  <testcase classname="testNgbasic.Assersion" name="verifyTheUSerNameAfterSuccessfulLogin" time="7.922"/>
  <testcase classname="testNgbasic.Assersion" name="isSpotLightStoreAvailable">
    <skipped/>
  </testcase> <!-- isSpotLightStoreAvailable -->
</testsuite> <!-- testNgbasic.Assersion -->
