<?xml version="1.0" encoding="UTF-8"?>
<!-- Generated by org.testng.reporters.JUnitReportReporter -->
<testsuite hostname="JayasankerMuringothKrishnan" failures="0" tests="1" name="testNgbasic.WindowHandlingTestNG" time="3.557" errors="0" timestamp="01 May 2022 18:46:03 GMT" skipped="0">
  <testcase classname="testNgbasic.WindowHandlingTestNG" name="multipleWindowHandling" time="3.557"/>
</testsuite> <!-- testNgbasic.WindowHandlingTestNG -->
